<?xml version="1.0" encoding="UTF-8"?>
<testsuites name="TC_CURA_SUITE" time="44.314" tests="4" failures="0" errors="0">
   <testsuite name="TC_CURA_SUITE" tests="4" failures="0" errors="0" time="44.314" skipped="0" timestamp="26-01-2024T00:25:44" hostname="harsh - DESKTOP-G7C9DM2" id="Test Suites/TC_CURA/TC_CURA_SUITE">
      <properties>
         <property name="deviceName" value=""/>
         <property name="devicePlatform" value=""/>
         <property name="logFolder" value="C:\\Users\\harsh\\Katalon Studio\\CuraHealth_SoftwareTest\\Reports\\20240126_002537\\TC_CURA\\TC_CURA_SUITE\\20240126_002537"/>
         <property name="logFiles" value="C:\\Users\\harsh\\Katalon Studio\\CuraHealth_SoftwareTest\\Reports\\20240126_002537\\TC_CURA\\TC_CURA_SUITE\\20240126_002537\\execution0.log"/>
         <property name="attachments" value=""/>
         <property name="hostName" value="harsh - DESKTOP-G7C9DM2"/>
         <property name="os" value="Windows 11 64bit"/>
         <property name="katalonVersion" value="9.1.0.212"/>
         <property name="browser" value="Chrome 120.0.0.0"/>
         <property name="hostAddress" value="172.18.107.124"/>
         <property name="sessionId" value="ab82b29f1d73d85466f793301cf84d2d"/>
         <property name="seleniumVersion" value="3.141.59"/>
         <property name="proxyInformation" value="ProxyInformation { proxyOption=NO_PROXY, proxyServerType=HTTP, username=, password=********, proxyServerAddress=, proxyServerPort=0, executionList=&quot;&quot;, isApplyToDesiredCapabilities=true }"/>
         <property name="platform" value="Windows 11"/>
      </properties>
      <testcase name="Test Cases/CURA_TEST/TC_Cura_001" time="9.827" classname="Test Cases/CURA_TEST/TC_Cura_001" status="PASSED">
         <system-out><![CDATA[26-01-2024T00:25:44 - [TEST_CASE][PASSED] - Test Cases/CURA_TEST/TC_Cura_001: Test Cases/CURA_TEST/TC_Cura_001

26-01-2024T00:25:44 - [TEST_STEP][PASSED] - openBrowser(""): Browser is opened with url: ''

26-01-2024T00:25:45 - [MESSAGE][INFO] - Starting 'Chrome' driver

26-01-2024T00:25:45 - [MESSAGE][INFO] - Action delay is set to 0 milliseconds

26-01-2024T00:25:47 - [MESSAGE][PASSED] - Browser is opened with url: ''

26-01-2024T00:25:47 - [TEST_STEP][PASSED] - maximizeWindow(): Current window maximized

26-01-2024T00:25:47 - [MESSAGE][PASSED] - Current window maximized

26-01-2024T00:25:47 - [TEST_STEP][PASSED] - navigateToUrl("https://katalon-demo-cura.herokuapp.com/"): Navigate to 'https://katalon-demo-cura.herokuapp.com/' successfully

26-01-2024T00:25:50 - [MESSAGE][PASSED] - Navigate to 'https://katalon-demo-cura.herokuapp.com/' successfully

26-01-2024T00:25:50 - [TEST_STEP][PASSED] - click(findTestObject("Object Repository/CURA_HOME/Page_CURA Healthcare Service/amenu-toggle")): Object: 'Object Repository/CURA_HOME/Page_CURA Healthcare Service/amenu-toggle' is clicked on

26-01-2024T00:25:50 - [MESSAGE][PASSED] - Object: 'Object Repository/CURA_HOME/Page_CURA Healthcare Service/amenu-toggle' is clicked on

26-01-2024T00:25:50 - [TEST_STEP][PASSED] - click(findTestObject("Object Repository/CURA_HOME/Page_CURA Healthcare Service/a_Login")): Object: 'Object Repository/CURA_HOME/Page_CURA Healthcare Service/a_Login' is clicked on

26-01-2024T00:25:51 - [MESSAGE][PASSED] - Object: 'Object Repository/CURA_HOME/Page_CURA Healthcare Service/a_Login' is clicked on

26-01-2024T00:25:51 - [TEST_STEP][PASSED] - setText(findTestObject("Object Repository/CURA_HOME/Page_CURA Healthcare Service/input_username"), "John Doe"): Text 'John Doe' is set on object 'Object Repository/CURA_HOME/Page_CURA Healthcare Service/input_username'

26-01-2024T00:25:52 - [MESSAGE][PASSED] - Text 'John Doe' is set on object 'Object Repository/CURA_HOME/Page_CURA Healthcare Service/input_username'

26-01-2024T00:25:52 - [TEST_STEP][PASSED] - setEncryptedText(findTestObject("Object Repository/CURA_HOME/Page_CURA Healthcare Service/input_password"), "g3/DOGG74jC3Flrr3yH+3D/yKbOqqUNM"): Text ****** has been set on object 'Object Repository/CURA_HOME/Page_CURA Healthcare Service/input_password'

26-01-2024T00:25:52 - [MESSAGE][PASSED] - Text ****** has been set on object 'Object Repository/CURA_HOME/Page_CURA Healthcare Service/input_password'

26-01-2024T00:25:52 - [TEST_STEP][PASSED] - click(findTestObject("Object Repository/CURA_HOME/Page_CURA Healthcare Service/button_Login")): Object: 'Object Repository/CURA_HOME/Page_CURA Healthcare Service/button_Login' is clicked on

26-01-2024T00:25:53 - [MESSAGE][PASSED] - Object: 'Object Repository/CURA_HOME/Page_CURA Healthcare Service/button_Login' is clicked on

26-01-2024T00:25:53 - [TEST_STEP][PASSED] - click(findTestObject("Object Repository/CURA_HOME/Page_CURA Healthcare Service/h2_Make Appointment")): Object: 'Object Repository/CURA_HOME/Page_CURA Healthcare Service/h2_Make Appointment' is clicked on

26-01-2024T00:25:54 - [MESSAGE][PASSED] - Object: 'Object Repository/CURA_HOME/Page_CURA Healthcare Service/h2_Make Appointment' is clicked on

26-01-2024T00:25:54 - [TEST_STEP][PASSED] - closeBrowser(): Browser is closed

26-01-2024T00:25:54 - [MESSAGE][PASSED] - Browser is closed]]></system-out>
         <system-err><![CDATA[]]></system-err>
      </testcase>
      <testcase name="Test Cases/CURA_TEST/TC_Cura_002" time="10.156" classname="Test Cases/CURA_TEST/TC_Cura_002" status="PASSED">
         <system-out><![CDATA[26-01-2024T00:25:54 - [TEST_CASE][PASSED] - Test Cases/CURA_TEST/TC_Cura_002: Test Cases/CURA_TEST/TC_Cura_002

26-01-2024T00:25:54 - [TEST_STEP][PASSED] - openBrowser(""): Browser is opened with url: ''

26-01-2024T00:25:54 - [MESSAGE][INFO] - Starting 'Chrome' driver

26-01-2024T00:25:54 - [MESSAGE][INFO] - Action delay is set to 0 milliseconds

26-01-2024T00:25:55 - [MESSAGE][PASSED] - Browser is opened with url: ''

26-01-2024T00:25:55 - [TEST_STEP][PASSED] - maximizeWindow(): Current window maximized

26-01-2024T00:25:55 - [MESSAGE][PASSED] - Current window maximized

26-01-2024T00:25:55 - [TEST_STEP][PASSED] - navigateToUrl("https://katalon-demo-cura.herokuapp.com/"): Navigate to 'https://katalon-demo-cura.herokuapp.com/' successfully

26-01-2024T00:25:58 - [MESSAGE][PASSED] - Navigate to 'https://katalon-demo-cura.herokuapp.com/' successfully

26-01-2024T00:25:58 - [TEST_STEP][PASSED] - click(findTestObject("Object Repository/CURA_HOME/OC_Make_Appointment/Page_CURA Healthcare Service/a_Make Appointment")): Object: 'Object Repository/CURA_HOME/OC_Make_Appointment/Page_CURA Healthcare Service/a_Make Appointment' is clicked on

26-01-2024T00:25:59 - [MESSAGE][PASSED] - Object: 'Object Repository/CURA_HOME/OC_Make_Appointment/Page_CURA Healthcare Service/a_Make Appointment' is clicked on

26-01-2024T00:25:59 - [TEST_STEP][PASSED] - setText(findTestObject("Object Repository/CURA_HOME/OC_Make_Appointment/Page_CURA Healthcare Service/input_username"), "John Doe"): Text 'John Doe' is set on object 'Object Repository/CURA_HOME/OC_Make_Appointment/Page_CURA Healthcare Service/input_username'

26-01-2024T00:25:59 - [MESSAGE][PASSED] - Text 'John Doe' is set on object 'Object Repository/CURA_HOME/OC_Make_Appointment/Page_CURA Healthcare Service/input_username'

26-01-2024T00:25:59 - [TEST_STEP][PASSED] - setEncryptedText(findTestObject("Object Repository/CURA_HOME/OC_Make_Appointment/Page_CURA Healthcare Service/input_password"), "g3/DOGG74jC3Flrr3yH+3D/yKbOqqUNM"): Text ****** has been set on object 'Object Repository/CURA_HOME/OC_Make_Appointment/Page_CURA Healthcare Service/input_password'

26-01-2024T00:26:00 - [MESSAGE][PASSED] - Text ****** has been set on object 'Object Repository/CURA_HOME/OC_Make_Appointment/Page_CURA Healthcare Service/input_password'

26-01-2024T00:26:00 - [TEST_STEP][PASSED] - click(findTestObject("Object Repository/CURA_HOME/OC_Make_Appointment/Page_CURA Healthcare Service/button_Login")): Object: 'Object Repository/CURA_HOME/OC_Make_Appointment/Page_CURA Healthcare Service/button_Login' is clicked on

26-01-2024T00:26:01 - [MESSAGE][PASSED] - Object: 'Object Repository/CURA_HOME/OC_Make_Appointment/Page_CURA Healthcare Service/button_Login' is clicked on

26-01-2024T00:26:01 - [TEST_STEP][PASSED] - click(findTestObject("Object Repository/CURA_HOME/OC_Make_Appointment/Page_CURA Healthcare Service/input_visit_date")): Object: 'Object Repository/CURA_HOME/OC_Make_Appointment/Page_CURA Healthcare Service/input_visit_date' is clicked on

26-01-2024T00:26:01 - [MESSAGE][PASSED] - Object: 'Object Repository/CURA_HOME/OC_Make_Appointment/Page_CURA Healthcare Service/input_visit_date' is clicked on

26-01-2024T00:26:01 - [TEST_STEP][PASSED] - click(findTestObject("Object Repository/CURA_HOME/OC_Make_Appointment/Page_CURA Healthcare Service/td_15")): Object: 'Object Repository/CURA_HOME/OC_Make_Appointment/Page_CURA Healthcare Service/td_15' is clicked on

26-01-2024T00:26:02 - [MESSAGE][PASSED] - Object: 'Object Repository/CURA_HOME/OC_Make_Appointment/Page_CURA Healthcare Service/td_15' is clicked on

26-01-2024T00:26:02 - [TEST_STEP][PASSED] - setText(findTestObject("Object Repository/CURA_HOME/OC_Make_Appointment/Page_CURA Healthcare Service/textarea_comment"), "hello"): Text 'hello' is set on object 'Object Repository/CURA_HOME/OC_Make_Appointment/Page_CURA Healthcare Service/textarea_comment'

26-01-2024T00:26:03 - [MESSAGE][PASSED] - Text 'hello' is set on object 'Object Repository/CURA_HOME/OC_Make_Appointment/Page_CURA Healthcare Service/textarea_comment'

26-01-2024T00:26:03 - [TEST_STEP][PASSED] - click(findTestObject("Object Repository/CURA_HOME/OC_Make_Appointment/Page_CURA Healthcare Service/button_Book Appointment")): Object: 'Object Repository/CURA_HOME/OC_Make_Appointment/Page_CURA Healthcare Service/button_Book Appointment' is clicked on

26-01-2024T00:26:03 - [MESSAGE][PASSED] - Object: 'Object Repository/CURA_HOME/OC_Make_Appointment/Page_CURA Healthcare Service/button_Book Appointment' is clicked on

26-01-2024T00:26:03 - [TEST_STEP][PASSED] - click(findTestObject("Object Repository/CURA_HOME/OC_Make_Appointment/Page_CURA Healthcare Service/h2_Appointment Confirmation")): Object: 'Object Repository/CURA_HOME/OC_Make_Appointment/Page_CURA Healthcare Service/h2_Appointment Confirmation' is clicked on

26-01-2024T00:26:04 - [MESSAGE][PASSED] - Object: 'Object Repository/CURA_HOME/OC_Make_Appointment/Page_CURA Healthcare Service/h2_Appointment Confirmation' is clicked on

26-01-2024T00:26:04 - [TEST_STEP][PASSED] - closeBrowser(): Browser is closed

26-01-2024T00:26:04 - [MESSAGE][PASSED] - Browser is closed]]></system-out>
         <system-err><![CDATA[]]></system-err>
      </testcase>
      <testcase name="Test Cases/CURA_TEST/TC_Cura_003" time="13.988" classname="Test Cases/CURA_TEST/TC_Cura_003" status="PASSED">
         <system-out><![CDATA[26-01-2024T00:26:04 - [TEST_CASE][PASSED] - Test Cases/CURA_TEST/TC_Cura_003: Test Cases/CURA_TEST/TC_Cura_003

26-01-2024T00:26:04 - [TEST_STEP][PASSED] - openBrowser(""): Browser is opened with url: ''

26-01-2024T00:26:04 - [MESSAGE][INFO] - Starting 'Chrome' driver

26-01-2024T00:26:04 - [MESSAGE][INFO] - Action delay is set to 0 milliseconds

26-01-2024T00:26:05 - [MESSAGE][PASSED] - Browser is opened with url: ''

26-01-2024T00:26:05 - [TEST_STEP][PASSED] - navigateToUrl("https://katalon-demo-cura.herokuapp.com/"): Navigate to 'https://katalon-demo-cura.herokuapp.com/' successfully

26-01-2024T00:26:08 - [MESSAGE][PASSED] - Navigate to 'https://katalon-demo-cura.herokuapp.com/' successfully

26-01-2024T00:26:08 - [TEST_STEP][PASSED] - click(findTestObject("Object Repository/CURA_HOME/OC_Make_Appointment/Page_CURA Healthcare Service/a_Make Appointment")): Object: 'Object Repository/CURA_HOME/OC_Make_Appointment/Page_CURA Healthcare Service/a_Make Appointment' is clicked on

26-01-2024T00:26:09 - [MESSAGE][PASSED] - Object: 'Object Repository/CURA_HOME/OC_Make_Appointment/Page_CURA Healthcare Service/a_Make Appointment' is clicked on

26-01-2024T00:26:09 - [TEST_STEP][PASSED] - setText(findTestObject("Object Repository/CURA_HOME/OC_Make_Appointment/Page_CURA Healthcare Service/input_username"), "John Doe"): Text 'John Doe' is set on object 'Object Repository/CURA_HOME/OC_Make_Appointment/Page_CURA Healthcare Service/input_username'

26-01-2024T00:26:09 - [MESSAGE][PASSED] - Text 'John Doe' is set on object 'Object Repository/CURA_HOME/OC_Make_Appointment/Page_CURA Healthcare Service/input_username'

26-01-2024T00:26:09 - [TEST_STEP][PASSED] - setEncryptedText(findTestObject("Object Repository/CURA_HOME/OC_Make_Appointment/Page_CURA Healthcare Service/input_password"), "9NLz+4tGZcQ="): Text ****** has been set on object 'Object Repository/CURA_HOME/OC_Make_Appointment/Page_CURA Healthcare Service/input_password'

26-01-2024T00:26:10 - [MESSAGE][PASSED] - Text ****** has been set on object 'Object Repository/CURA_HOME/OC_Make_Appointment/Page_CURA Healthcare Service/input_password'

26-01-2024T00:26:10 - [TEST_STEP][PASSED] - doubleClick(findTestObject("Object Repository/CURA_HOME/OC_Make_Appointment/Page_CURA Healthcare Service/input_form-control")): Object: 'Object Repository/CURA_HOME/OC_Make_Appointment/Page_CURA Healthcare Service/input_form-control' is double clicked on

26-01-2024T00:26:10 - [MESSAGE][PASSED] - Object: 'Object Repository/CURA_HOME/OC_Make_Appointment/Page_CURA Healthcare Service/input_form-control' is double clicked on

26-01-2024T00:26:10 - [TEST_STEP][PASSED] - setEncryptedText(findTestObject("Object Repository/CURA_HOME/OC_Make_Appointment/Page_CURA Healthcare Service/input_password"), "g3/DOGG74jC3Flrr3yH+3D/yKbOqqUNM"): Text ****** has been set on object 'Object Repository/CURA_HOME/OC_Make_Appointment/Page_CURA Healthcare Service/input_password'

26-01-2024T00:26:11 - [MESSAGE][PASSED] - Text ****** has been set on object 'Object Repository/CURA_HOME/OC_Make_Appointment/Page_CURA Healthcare Service/input_password'

26-01-2024T00:26:11 - [TEST_STEP][PASSED] - click(findTestObject("Object Repository/CURA_HOME/OC_Make_Appointment/Page_CURA Healthcare Service/button_Login")): Object: 'Object Repository/CURA_HOME/OC_Make_Appointment/Page_CURA Healthcare Service/button_Login' is clicked on

26-01-2024T00:26:12 - [MESSAGE][PASSED] - Object: 'Object Repository/CURA_HOME/OC_Make_Appointment/Page_CURA Healthcare Service/button_Login' is clicked on

26-01-2024T00:26:12 - [TEST_STEP][PASSED] - selectOptionByValue(findTestObject("Object Repository/CURA_HOME/OC_Make_Appointment/Page_CURA Healthcare Service/select_Tokyo CURA Healthcare Center        _5b4107"), "Hongkong CURA Healthcare Center", true): All options with value 'Hongkong CURA Healthcare Center' are selected in object 'Object Repository/CURA_HOME/OC_Make_Appointment/Page_CURA Healthcare Service/select_Tokyo CURA Healthcare Center        _5b4107'  using regular expression

26-01-2024T00:26:13 - [MESSAGE][PASSED] - All options with value 'Hongkong CURA Healthcare Center' are selected in object 'Object Repository/CURA_HOME/OC_Make_Appointment/Page_CURA Healthcare Service/select_Tokyo CURA Healthcare Center        _5b4107'  using regular expression

26-01-2024T00:26:13 - [TEST_STEP][PASSED] - click(findTestObject("Object Repository/CURA_HOME/OC_Make_Appointment/Page_CURA Healthcare Service/label_Apply for hospital readmission")): Object: 'Object Repository/CURA_HOME/OC_Make_Appointment/Page_CURA Healthcare Service/label_Apply for hospital readmission' is clicked on

26-01-2024T00:26:13 - [MESSAGE][PASSED] - Object: 'Object Repository/CURA_HOME/OC_Make_Appointment/Page_CURA Healthcare Service/label_Apply for hospital readmission' is clicked on

26-01-2024T00:26:13 - [TEST_STEP][PASSED] - click(findTestObject("Object Repository/CURA_HOME/OC_Make_Appointment/Page_CURA Healthcare Service/input_programs")): Object: 'Object Repository/CURA_HOME/OC_Make_Appointment/Page_CURA Healthcare Service/input_programs' is clicked on

26-01-2024T00:26:13 - [MESSAGE][PASSED] - Object: 'Object Repository/CURA_HOME/OC_Make_Appointment/Page_CURA Healthcare Service/input_programs' is clicked on

26-01-2024T00:26:13 - [TEST_STEP][PASSED] - click(findTestObject("Object Repository/CURA_HOME/OC_Make_Appointment/Page_CURA Healthcare Service/input_visit_date")): Object: 'Object Repository/CURA_HOME/OC_Make_Appointment/Page_CURA Healthcare Service/input_visit_date' is clicked on

26-01-2024T00:26:14 - [MESSAGE][PASSED] - Object: 'Object Repository/CURA_HOME/OC_Make_Appointment/Page_CURA Healthcare Service/input_visit_date' is clicked on

26-01-2024T00:26:14 - [TEST_STEP][PASSED] - click(findTestObject("Object Repository/CURA_HOME/OC_Make_Appointment/Page_CURA Healthcare Service/td_17")): Object: 'Object Repository/CURA_HOME/OC_Make_Appointment/Page_CURA Healthcare Service/td_17' is clicked on

26-01-2024T00:26:14 - [MESSAGE][PASSED] - Object: 'Object Repository/CURA_HOME/OC_Make_Appointment/Page_CURA Healthcare Service/td_17' is clicked on

26-01-2024T00:26:14 - [TEST_STEP][PASSED] - setText(findTestObject("Object Repository/CURA_HOME/OC_Make_Appointment/Page_CURA Healthcare Service/textarea_comment"), "wjfega"): Text 'wjfega' is set on object 'Object Repository/CURA_HOME/OC_Make_Appointment/Page_CURA Healthcare Service/textarea_comment'

26-01-2024T00:26:15 - [MESSAGE][PASSED] - Text 'wjfega' is set on object 'Object Repository/CURA_HOME/OC_Make_Appointment/Page_CURA Healthcare Service/textarea_comment'

26-01-2024T00:26:15 - [TEST_STEP][PASSED] - click(findTestObject("Object Repository/CURA_HOME/OC_Make_Appointment/Page_CURA Healthcare Service/button_Book Appointment")): Object: 'Object Repository/CURA_HOME/OC_Make_Appointment/Page_CURA Healthcare Service/button_Book Appointment' is clicked on

26-01-2024T00:26:16 - [MESSAGE][PASSED] - Object: 'Object Repository/CURA_HOME/OC_Make_Appointment/Page_CURA Healthcare Service/button_Book Appointment' is clicked on

26-01-2024T00:26:16 - [TEST_STEP][PASSED] - click(findTestObject("Object Repository/CURA_HOME/OC_Make_Appointment/Page_CURA Healthcare Service/amenu-toggle")): Object: 'Object Repository/CURA_HOME/OC_Make_Appointment/Page_CURA Healthcare Service/amenu-toggle' is clicked on

26-01-2024T00:26:16 - [MESSAGE][PASSED] - Object: 'Object Repository/CURA_HOME/OC_Make_Appointment/Page_CURA Healthcare Service/amenu-toggle' is clicked on

26-01-2024T00:26:16 - [TEST_STEP][PASSED] - click(findTestObject("Object Repository/CURA_HOME/OC_Make_Appointment/Page_CURA Healthcare Service/a_History")): Object: 'Object Repository/CURA_HOME/OC_Make_Appointment/Page_CURA Healthcare Service/a_History' is clicked on

26-01-2024T00:26:17 - [MESSAGE][PASSED] - Object: 'Object Repository/CURA_HOME/OC_Make_Appointment/Page_CURA Healthcare Service/a_History' is clicked on

26-01-2024T00:26:17 - [TEST_STEP][PASSED] - verifyElementPresent(findTestObject("Object Repository/CURA_HOME/OC_Make_Appointment/Page_CURA Healthcare Service/h2_History"), 0): Object 'Object Repository/CURA_HOME/OC_Make_Appointment/Page_CURA Healthcare Service/h2_History' is present

26-01-2024T00:26:17 - [MESSAGE][WARNING] - Timeout '0' is invalid. Using default page load timeout: '30'

26-01-2024T00:26:17 - [MESSAGE][PASSED] - Object 'Object Repository/CURA_HOME/OC_Make_Appointment/Page_CURA Healthcare Service/h2_History' is present

26-01-2024T00:26:17 - [TEST_STEP][PASSED] - verifyElementPresent(findTestObject("Object Repository/CURA_HOME/OC_Make_Appointment/Page_CURA Healthcare Service/div_Facility"), 0): Object 'Object Repository/CURA_HOME/OC_Make_Appointment/Page_CURA Healthcare Service/div_Facility' is present

26-01-2024T00:26:17 - [MESSAGE][WARNING] - Timeout '0' is invalid. Using default page load timeout: '30'

26-01-2024T00:26:18 - [MESSAGE][PASSED] - Object 'Object Repository/CURA_HOME/OC_Make_Appointment/Page_CURA Healthcare Service/div_Facility' is present

26-01-2024T00:26:18 - [TEST_STEP][PASSED] - verifyElementPresent(findTestObject("Object Repository/CURA_HOME/OC_Make_Appointment/Page_CURA Healthcare Service/p_Hongkong CURA Healthcare Center"), 0): Object 'Object Repository/CURA_HOME/OC_Make_Appointment/Page_CURA Healthcare Service/p_Hongkong CURA Healthcare Center' is present

26-01-2024T00:26:18 - [MESSAGE][WARNING] - Timeout '0' is invalid. Using default page load timeout: '30'

26-01-2024T00:26:18 - [MESSAGE][PASSED] - Object 'Object Repository/CURA_HOME/OC_Make_Appointment/Page_CURA Healthcare Service/p_Hongkong CURA Healthcare Center' is present

26-01-2024T00:26:18 - [TEST_STEP][PASSED] - closeBrowser(): Browser is closed

26-01-2024T00:26:18 - [MESSAGE][PASSED] - Browser is closed]]></system-out>
         <system-err><![CDATA[]]></system-err>
      </testcase>
      <testcase name="Test Cases/CURA_TEST/TC_Cura_004" time="10.083" classname="Test Cases/CURA_TEST/TC_Cura_004" status="PASSED">
         <system-out><![CDATA[26-01-2024T00:26:18 - [TEST_CASE][PASSED] - Test Cases/CURA_TEST/TC_Cura_004: Test Cases/CURA_TEST/TC_Cura_004

26-01-2024T00:26:18 - [TEST_STEP][PASSED] - openBrowser(""): Browser is opened with url: ''

26-01-2024T00:26:18 - [MESSAGE][INFO] - Starting 'Chrome' driver

26-01-2024T00:26:18 - [MESSAGE][INFO] - Action delay is set to 0 milliseconds

26-01-2024T00:26:19 - [MESSAGE][PASSED] - Browser is opened with url: ''

26-01-2024T00:26:19 - [TEST_STEP][PASSED] - navigateToUrl("https://katalon-demo-cura.herokuapp.com/"): Navigate to 'https://katalon-demo-cura.herokuapp.com/' successfully

26-01-2024T00:26:22 - [MESSAGE][PASSED] - Navigate to 'https://katalon-demo-cura.herokuapp.com/' successfully

26-01-2024T00:26:22 - [TEST_STEP][PASSED] - click(findTestObject("Object Repository/CURA_HOME/OC_Make_Appointment/Page_CURA Healthcare Service/a_Make Appointment")): Object: 'Object Repository/CURA_HOME/OC_Make_Appointment/Page_CURA Healthcare Service/a_Make Appointment' is clicked on

26-01-2024T00:26:23 - [MESSAGE][PASSED] - Object: 'Object Repository/CURA_HOME/OC_Make_Appointment/Page_CURA Healthcare Service/a_Make Appointment' is clicked on

26-01-2024T00:26:23 - [TEST_STEP][PASSED] - setText(findTestObject("Object Repository/CURA_HOME/OC_Make_Appointment/Page_CURA Healthcare Service/input_username"), "John Doe"): Text 'John Doe' is set on object 'Object Repository/CURA_HOME/OC_Make_Appointment/Page_CURA Healthcare Service/input_username'

26-01-2024T00:26:24 - [MESSAGE][PASSED] - Text 'John Doe' is set on object 'Object Repository/CURA_HOME/OC_Make_Appointment/Page_CURA Healthcare Service/input_username'

26-01-2024T00:26:24 - [TEST_STEP][PASSED] - setEncryptedText(findTestObject("Object Repository/CURA_HOME/OC_Make_Appointment/Page_CURA Healthcare Service/input_password"), "g3/DOGG74jC3Flrr3yH+3D/yKbOqqUNM"): Text ****** has been set on object 'Object Repository/CURA_HOME/OC_Make_Appointment/Page_CURA Healthcare Service/input_password'

26-01-2024T00:26:24 - [MESSAGE][PASSED] - Text ****** has been set on object 'Object Repository/CURA_HOME/OC_Make_Appointment/Page_CURA Healthcare Service/input_password'

26-01-2024T00:26:24 - [TEST_STEP][PASSED] - click(findTestObject("Object Repository/CURA_HOME/OC_Make_Appointment/Page_CURA Healthcare Service/button_Login")): Object: 'Object Repository/CURA_HOME/OC_Make_Appointment/Page_CURA Healthcare Service/button_Login' is clicked on

26-01-2024T00:26:25 - [MESSAGE][PASSED] - Object: 'Object Repository/CURA_HOME/OC_Make_Appointment/Page_CURA Healthcare Service/button_Login' is clicked on

26-01-2024T00:26:25 - [TEST_STEP][PASSED] - click(findTestObject("Object Repository/CURA_HOME/OC_Make_Appointment/Page_CURA Healthcare Service/i_fa fa-bars")): Object: 'Object Repository/CURA_HOME/OC_Make_Appointment/Page_CURA Healthcare Service/i_fa fa-bars' is clicked on

26-01-2024T00:26:26 - [MESSAGE][PASSED] - Object: 'Object Repository/CURA_HOME/OC_Make_Appointment/Page_CURA Healthcare Service/i_fa fa-bars' is clicked on

26-01-2024T00:26:26 - [TEST_STEP][PASSED] - click(findTestObject("Object Repository/CURA_HOME/OC_Make_Appointment/Page_CURA Healthcare Service/a_Logout")): Object: 'Object Repository/CURA_HOME/OC_Make_Appointment/Page_CURA Healthcare Service/a_Logout' is clicked on

26-01-2024T00:26:27 - [MESSAGE][PASSED] - Object: 'Object Repository/CURA_HOME/OC_Make_Appointment/Page_CURA Healthcare Service/a_Logout' is clicked on

26-01-2024T00:26:27 - [TEST_STEP][PASSED] - click(findTestObject("Object Repository/CURA_HOME/OC_Make_Appointment/Page_CURA Healthcare Service/a_Make Appointment")): Object: 'Object Repository/CURA_HOME/OC_Make_Appointment/Page_CURA Healthcare Service/a_Make Appointment' is clicked on

26-01-2024T00:26:27 - [MESSAGE][PASSED] - Object: 'Object Repository/CURA_HOME/OC_Make_Appointment/Page_CURA Healthcare Service/a_Make Appointment' is clicked on

26-01-2024T00:26:27 - [TEST_STEP][PASSED] - verifyElementPresent(findTestObject("Object Repository/CURA_HOME/OC_Make_Appointment/Page_CURA Healthcare Service/h2_Login"), 0): Object 'Object Repository/CURA_HOME/OC_Make_Appointment/Page_CURA Healthcare Service/h2_Login' is present

26-01-2024T00:26:27 - [MESSAGE][WARNING] - Timeout '0' is invalid. Using default page load timeout: '30'

26-01-2024T00:26:28 - [MESSAGE][PASSED] - Object 'Object Repository/CURA_HOME/OC_Make_Appointment/Page_CURA Healthcare Service/h2_Login' is present

26-01-2024T00:26:28 - [TEST_STEP][PASSED] - verifyElementPresent(findTestObject("Object Repository/CURA_HOME/OC_Make_Appointment/Page_CURA Healthcare Service/div_Login                Please login to ma_c5c214"), 0): Object 'Object Repository/CURA_HOME/OC_Make_Appointment/Page_CURA Healthcare Service/div_Login                Please login to ma_c5c214' is present

26-01-2024T00:26:28 - [MESSAGE][WARNING] - Timeout '0' is invalid. Using default page load timeout: '30'

26-01-2024T00:26:28 - [MESSAGE][PASSED] - Object 'Object Repository/CURA_HOME/OC_Make_Appointment/Page_CURA Healthcare Service/div_Login                Please login to ma_c5c214' is present

26-01-2024T00:26:28 - [TEST_STEP][PASSED] - closeBrowser(): Browser is closed

26-01-2024T00:26:28 - [MESSAGE][PASSED] - Browser is closed]]></system-out>
         <system-err><![CDATA[]]></system-err>
      </testcase>
      <system-out><![CDATA[26-01-2024T00:25:44 - [TEST_SUITE][PASSED] - TC_CURA_SUITE: Test Cases/CURA_TEST/TC_Cura_004]]></system-out>
      <system-err><![CDATA[]]></system-err>
   </testsuite>
</testsuites>
